<?xml version="1.0" encoding="UTF-8"?>
<testsuite xmlns:xsi="http://www.w3.org/2001/XMLSchema-instance" xsi:noNamespaceSchemaLocation="https://maven.apache.org/surefire/maven-surefire-plugin/xsd/surefire-test-report-3.0.xsd" version="3.0" name="laskin.NelioTest" time="0.06" tests="5" errors="0" skipped="0" failures="0">
  <properties>
[...]
</properties>
  <testcase name="testNelio(double, double)[1]" classname="laskin.NelioTest" time="0.017"/>
  <testcase name="testNelio(double, double)[2]" classname="laskin.NelioTest" time="0.001"/>
  <testcase name="testNelio(double, double)[3]" classname="laskin.NelioTest" time="0"/>
  <testcase name="testNelio(double, double)[4]" classname="laskin.NelioTest" time="0"/>
  <testcase name="testNelio(double, double)[5]" classname="laskin.NelioTest" time="0"/>
</testsuite>