<?xml version="1.0" encoding="UTF-8"?>
<testsuite xmlns:xsi="http://www.w3.org/2001/XMLSchema-instance" xsi:noNamespaceSchemaLocation="https://maven.apache.org/surefire/maven-surefire-plugin/xsd/surefire-test-report-3.0.xsd" version="3.0" name="laskin.ExtraTest" time="0.048" tests="8" errors="0" skipped="0" failures="4">
  <properties>
[...]
</properties>
  <testcase name="testNeliojuuriNegat" classname="laskin.ExtraTest" time="0.018">
    <system-out><![CDATA[@BeforeAll TESTAAMINEN ALKAA.
@BeforeAll Virta ON (ennen ensimmäistä testiä)
  @BeforeEach Käynnistä uusi testimetodi.
  Nollaa laskin.
  @AfterEach Testimetodi suoritettu.
]]></system-out>
  </testcase>
  <testcase name="testNeliojuuri0" classname="laskin.ExtraTest" time="0.001">
    <system-out><![CDATA[  @BeforeEach Käynnistä uusi testimetodi.
  Nollaa laskin.
  @AfterEach Testimetodi suoritettu.
]]></system-out>
  </testcase>
  <testcase name="testNeliojuuri2" classname="laskin.ExtraTest" time="0.002">
    <failure type="org.opentest4j.AssertionFailedError"><![CDATA[org.opentest4j.AssertionFailedError: expected: <1.0> but was: <1.4142135623730951>
	at laskin.ExtraTest.testNeliojuuri2(ExtraTest.java:58)
]]></failure>
    <system-out><![CDATA[  @BeforeEach Käynnistä uusi testimetodi.
  Nollaa laskin.
  @AfterEach Testimetodi suoritettu.
]]></system-out>
  </testcase>
  <testcase name="testNeliojuuri4" classname="laskin.ExtraTest" time="0.001">
    <system-out><![CDATA[  @BeforeEach Käynnistä uusi testimetodi.
  Nollaa laskin.
  @AfterEach Testimetodi suoritettu.
]]></system-out>
  </testcase>
  <testcase name="testNeliojuuri9" classname="laskin.ExtraTest" time="0.001">
    <system-out><![CDATA[  @BeforeEach Käynnistä uusi testimetodi.
  Nollaa laskin.
  @AfterEach Testimetodi suoritettu.
]]></system-out>
  </testcase>
  <testcase name="testNelio2" classname="laskin.ExtraTest" time="0.001">
    <failure type="org.opentest4j.AssertionFailedError"><![CDATA[org.opentest4j.AssertionFailedError: Luvun 2 Neliöön korotus väärin ==> expected: <4.0> but was: <0.0>
	at laskin.ExtraTest.testNelio2(ExtraTest.java:41)
]]></failure>
    <system-out><![CDATA[  @BeforeEach Käynnistä uusi testimetodi.
  Nollaa laskin.
  @AfterEach Testimetodi suoritettu.
]]></system-out>
  </testcase>
  <testcase name="testNelio4" classname="laskin.ExtraTest" time="0.001">
    <failure type="org.opentest4j.AssertionFailedError"><![CDATA[org.opentest4j.AssertionFailedError: Luvun 4 neliöön korotus väärin ==> expected: <16.0> but was: <0.0>
	at laskin.ExtraTest.testNelio4(ExtraTest.java:47)
]]></failure>
    <system-out><![CDATA[  @BeforeEach Käynnistä uusi testimetodi.
  Nollaa laskin.
  @AfterEach Testimetodi suoritettu.
]]></system-out>
  </testcase>
  <testcase name="testNelio5" classname="laskin.ExtraTest" time="0.001">
    <failure type="org.opentest4j.AssertionFailedError"><![CDATA[org.opentest4j.AssertionFailedError: Luvun 5 neliöön korotus väärin ==> expected: <25.0> but was: <0.0>
	at laskin.ExtraTest.testNelio5(ExtraTest.java:53)
]]></failure>
    <system-out><![CDATA[  @BeforeEach Käynnistä uusi testimetodi.
  Nollaa laskin.
  @AfterEach Testimetodi suoritettu.
]]></system-out>
  </testcase>
</testsuite>